12:17:24:629 [ALWAYS]	GUDE Logging Started
12:17:24:630 [INFO]	SqliteResumeCache::SqliteResumeCache basedirectory is null/empty
12:17:24:630 [ERROR]	SqliteResumeCache::CreateSqliteResumeCache creating resume cache pointer failure
12:17:24:630 [ERROR]	Initialize resume cache pointer failure
12:17:24:630 [INFO]	gude policy POLICY_USER limit (2,2,1) chunk 2097152, chunking (UL 0 DL 1), resXfer 1, adapt 0, NSURL 0, timeout 86400 
12:17:24:630 [INFO]	Initialized -- gude-lib version: v0.12.1 app: gude
12:17:28:268 [WARN]	Ignoring attempt to reinit logging to \gude at level 4 retaining 3 days of logs
12:17:28:268 [INFO]	SqliteResumeCache::SqliteResumeCache basedirectory is null/empty
12:17:28:268 [ERROR]	SqliteResumeCache::CreateSqliteResumeCache creating resume cache pointer failure
12:17:28:268 [ERROR]	Initialize resume cache pointer failure
12:17:28:268 [INFO]	gude policy POLICY_USER limit (4,4,1) chunk 2097152, chunking (UL 0 DL 1), resXfer 1, adapt 0, NSURL 1, timeout 86400 
12:17:28:268 [INFO]	Initialized -- gude-lib version: v0.12.1 app: gude
12:18:57:301 [ALWAYS]	GUDE Logging Started
12:18:57:302 [INFO]	SqliteResumeCache::SqliteResumeCache basedirectory is null/empty
12:18:57:302 [ERROR]	SqliteResumeCache::CreateSqliteResumeCache creating resume cache pointer failure
12:18:57:302 [ERROR]	Initialize resume cache pointer failure
12:18:57:302 [INFO]	gude policy POLICY_USER limit (2,2,1) chunk 2097152, chunking (UL 0 DL 1), resXfer 1, adapt 0, NSURL 0, timeout 86400 
12:18:57:302 [INFO]	Initialized -- gude-lib version: v0.12.1 app: gude
12:18:59:847 [WARN]	Ignoring attempt to reinit logging to \gude at level 4 retaining 3 days of logs
12:18:59:847 [INFO]	SqliteResumeCache::SqliteResumeCache basedirectory is null/empty
12:18:59:847 [ERROR]	SqliteResumeCache::CreateSqliteResumeCache creating resume cache pointer failure
12:18:59:847 [ERROR]	Initialize resume cache pointer failure
12:18:59:847 [INFO]	gude policy POLICY_USER limit (4,4,1) chunk 2097152, chunking (UL 0 DL 1), resXfer 1, adapt 0, NSURL 1, timeout 86400 
12:18:59:847 [INFO]	Initialized -- gude-lib version: v0.12.1 app: gude
